mode: atomic
github.com/gity/point-system/internal/infrastructure/persistence/friendship_repository.go:23.43,25.2 1 13
github.com/gity/point-system/internal/infrastructure/persistence/friendship_repository.go:28.57,37.2 1 0
github.com/gity/point-system/internal/infrastructure/persistence/friendship_repository.go:40.69,47.2 6 0
github.com/gity/point-system/internal/infrastructure/persistence/friendship_repository.go:55.71,57.2 1 0
github.com/gity/point-system/internal/infrastructure/persistence/friendship_repository.go:60.80,64.49 3 0
github.com/gity/point-system/internal/infrastructure/persistence/friendship_repository.go:64.49,66.3 1 0
github.com/gity/point-system/internal/infrastructure/persistence/friendship_repository.go:68.2,69.12 2 0
github.com/gity/point-system/internal/infrastructure/persistence/friendship_repository.go:73.87,77.16 3 0
github.com/gity/point-system/internal/infrastructure/persistence/friendship_repository.go:77.16,78.45 1 0
github.com/gity/point-system/internal/infrastructure/persistence/friendship_repository.go:78.45,80.4 1 0
github.com/gity/point-system/internal/infrastructure/persistence/friendship_repository.go:81.3,81.18 1 0
github.com/gity/point-system/internal/infrastructure/persistence/friendship_repository.go:84.2,84.30 1 0
github.com/gity/point-system/internal/infrastructure/persistence/friendship_repository.go:88.104,96.16 3 0
github.com/gity/point-system/internal/infrastructure/persistence/friendship_repository.go:96.16,97.45 1 0
github.com/gity/point-system/internal/infrastructure/persistence/friendship_repository.go:97.45,99.4 1 0
github.com/gity/point-system/internal/infrastructure/persistence/friendship_repository.go:100.3,100.18 1 0
github.com/gity/point-system/internal/infrastructure/persistence/friendship_repository.go:103.2,103.30 1 0
github.com/gity/point-system/internal/infrastructure/persistence/friendship_repository.go:107.115,118.16 3 0
github.com/gity/point-system/internal/infrastructure/persistence/friendship_repository.go:118.16,120.3 1 0
github.com/gity/point-system/internal/infrastructure/persistence/friendship_repository.go:122.2,123.31 2 0
github.com/gity/point-system/internal/infrastructure/persistence/friendship_repository.go:123.31,125.3 1 0
github.com/gity/point-system/internal/infrastructure/persistence/friendship_repository.go:127.2,127.25 1 0
github.com/gity/point-system/internal/infrastructure/persistence/friendship_repository.go:131.123,140.16 3 0
github.com/gity/point-system/internal/infrastructure/persistence/friendship_repository.go:140.16,142.3 1 0
github.com/gity/point-system/internal/infrastructure/persistence/friendship_repository.go:144.2,145.31 2 0
github.com/gity/point-system/internal/infrastructure/persistence/friendship_repository.go:145.31,147.3 1 0
github.com/gity/point-system/internal/infrastructure/persistence/friendship_repository.go:149.2,149.25 1 0
github.com/gity/point-system/internal/infrastructure/persistence/friendship_repository.go:153.80,158.2 3 0
github.com/gity/point-system/internal/infrastructure/persistence/friendship_repository.go:161.63,163.2 1 0
github.com/gity/point-system/internal/infrastructure/persistence/friendship_repository.go:166.89,174.16 3 0
github.com/gity/point-system/internal/infrastructure/persistence/friendship_repository.go:174.16,176.3 1 0
github.com/gity/point-system/internal/infrastructure/persistence/friendship_repository.go:178.2,178.23 1 0
github.com/gity/point-system/internal/infrastructure/persistence/qrcode_repository.go:26.39,28.2 1 13
github.com/gity/point-system/internal/infrastructure/persistence/qrcode_repository.go:31.49,43.2 1 0
github.com/gity/point-system/internal/infrastructure/persistence/qrcode_repository.go:46.57,56.2 9 0
github.com/gity/point-system/internal/infrastructure/persistence/qrcode_repository.go:64.63,66.2 1 0
github.com/gity/point-system/internal/infrastructure/persistence/qrcode_repository.go:69.68,73.49 3 0
github.com/gity/point-system/internal/infrastructure/persistence/qrcode_repository.go:73.49,75.3 1 0
github.com/gity/point-system/internal/infrastructure/persistence/qrcode_repository.go:77.2,78.12 2 0
github.com/gity/point-system/internal/infrastructure/persistence/qrcode_repository.go:82.80,86.16 3 0
github.com/gity/point-system/internal/infrastructure/persistence/qrcode_repository.go:86.16,87.45 1 0
github.com/gity/point-system/internal/infrastructure/persistence/qrcode_repository.go:87.45,89.4 1 0
github.com/gity/point-system/internal/infrastructure/persistence/qrcode_repository.go:90.3,90.18 1 0
github.com/gity/point-system/internal/infrastructure/persistence/qrcode_repository.go:93.2,93.30 1 0
github.com/gity/point-system/internal/infrastructure/persistence/qrcode_repository.go:97.79,101.16 3 0
github.com/gity/point-system/internal/infrastructure/persistence/qrcode_repository.go:101.16,102.45 1 0
github.com/gity/point-system/internal/infrastructure/persistence/qrcode_repository.go:102.45,104.4 1 0
github.com/gity/point-system/internal/infrastructure/persistence/qrcode_repository.go:105.3,105.18 1 0
github.com/gity/point-system/internal/infrastructure/persistence/qrcode_repository.go:108.2,108.30 1 0
github.com/gity/point-system/internal/infrastructure/persistence/qrcode_repository.go:112.108,121.16 3 0
github.com/gity/point-system/internal/infrastructure/persistence/qrcode_repository.go:121.16,123.3 1 0
github.com/gity/point-system/internal/infrastructure/persistence/qrcode_repository.go:125.2,126.31 2 0
github.com/gity/point-system/internal/infrastructure/persistence/qrcode_repository.go:126.31,128.3 1 0
github.com/gity/point-system/internal/infrastructure/persistence/qrcode_repository.go:130.2,130.21 1 0
github.com/gity/point-system/internal/infrastructure/persistence/qrcode_repository.go:134.68,139.2 3 0
github.com/gity/point-system/internal/infrastructure/persistence/qrcode_repository.go:142.54,144.2 1 0
github.com/gity/point-system/internal/infrastructure/persistence/session_repository.go:25.40,27.2 1 13
github.com/gity/point-system/internal/infrastructure/persistence/session_repository.go:30.51,41.2 1 0
github.com/gity/point-system/internal/infrastructure/persistence/session_repository.go:44.60,53.2 8 0
github.com/gity/point-system/internal/infrastructure/persistence/session_repository.go:61.65,63.2 1 0
github.com/gity/point-system/internal/infrastructure/persistence/session_repository.go:66.71,70.49 3 0
github.com/gity/point-system/internal/infrastructure/persistence/session_repository.go:70.49,72.3 1 0
github.com/gity/point-system/internal/infrastructure/persistence/session_repository.go:74.2,75.12 2 0
github.com/gity/point-system/internal/infrastructure/persistence/session_repository.go:79.84,83.16 3 0
github.com/gity/point-system/internal/infrastructure/persistence/session_repository.go:83.16,84.45 1 0
github.com/gity/point-system/internal/infrastructure/persistence/session_repository.go:84.45,86.4 1 0
github.com/gity/point-system/internal/infrastructure/persistence/session_repository.go:87.3,87.18 1 0
github.com/gity/point-system/internal/infrastructure/persistence/session_repository.go:90.2,90.30 1 0
github.com/gity/point-system/internal/infrastructure/persistence/session_repository.go:94.71,99.2 3 0
github.com/gity/point-system/internal/infrastructure/persistence/session_repository.go:102.60,104.2 1 0
github.com/gity/point-system/internal/infrastructure/persistence/session_repository.go:107.72,109.2 1 0
github.com/gity/point-system/internal/infrastructure/persistence/session_repository.go:112.55,114.2 1 0
github.com/gity/point-system/internal/infrastructure/persistence/transaction_repository.go:29.44,31.2 1 13
github.com/gity/point-system/internal/infrastructure/persistence/transaction_repository.go:34.68,36.22 2 28
github.com/gity/point-system/internal/infrastructure/persistence/transaction_repository.go:36.22,37.71 1 28
github.com/gity/point-system/internal/infrastructure/persistence/transaction_repository.go:37.71,39.4 1 0
github.com/gity/point-system/internal/infrastructure/persistence/transaction_repository.go:40.8,42.3 1 0
github.com/gity/point-system/internal/infrastructure/persistence/transaction_repository.go:44.2,56.8 1 28
github.com/gity/point-system/internal/infrastructure/persistence/transaction_repository.go:60.78,62.16 2 20
github.com/gity/point-system/internal/infrastructure/persistence/transaction_repository.go:62.16,64.3 1 0
github.com/gity/point-system/internal/infrastructure/persistence/transaction_repository.go:66.2,78.12 12 20
github.com/gity/point-system/internal/infrastructure/persistence/transaction_repository.go:87.73,89.2 1 7
github.com/gity/point-system/internal/infrastructure/persistence/transaction_repository.go:92.99,94.15 2 18
github.com/gity/point-system/internal/infrastructure/persistence/transaction_repository.go:94.15,96.3 1 3
github.com/gity/point-system/internal/infrastructure/persistence/transaction_repository.go:98.2,99.54 2 18
github.com/gity/point-system/internal/infrastructure/persistence/transaction_repository.go:99.54,101.3 1 0
github.com/gity/point-system/internal/infrastructure/persistence/transaction_repository.go:103.2,103.47 1 18
github.com/gity/point-system/internal/infrastructure/persistence/transaction_repository.go:103.47,105.3 1 0
github.com/gity/point-system/internal/infrastructure/persistence/transaction_repository.go:107.2,108.16 2 18
github.com/gity/point-system/internal/infrastructure/persistence/transaction_repository.go:108.16,110.3 1 0
github.com/gity/point-system/internal/infrastructure/persistence/transaction_repository.go:111.2,113.12 2 18
github.com/gity/point-system/internal/infrastructure/persistence/transaction_repository.go:117.89,121.16 3 3
github.com/gity/point-system/internal/infrastructure/persistence/transaction_repository.go:121.16,122.45 1 0
github.com/gity/point-system/internal/infrastructure/persistence/transaction_repository.go:122.45,124.4 1 0
github.com/gity/point-system/internal/infrastructure/persistence/transaction_repository.go:125.3,125.18 1 0
github.com/gity/point-system/internal/infrastructure/persistence/transaction_repository.go:128.2,128.25 1 3
github.com/gity/point-system/internal/infrastructure/persistence/transaction_repository.go:132.99,136.16 3 1
github.com/gity/point-system/internal/infrastructure/persistence/transaction_repository.go:136.16,137.45 1 0
github.com/gity/point-system/internal/infrastructure/persistence/transaction_repository.go:137.45,139.4 1 0
github.com/gity/point-system/internal/infrastructure/persistence/transaction_repository.go:140.3,140.18 1 0
github.com/gity/point-system/internal/infrastructure/persistence/transaction_repository.go:143.2,143.25 1 1
github.com/gity/point-system/internal/infrastructure/persistence/transaction_repository.go:147.118,156.16 3 2
github.com/gity/point-system/internal/infrastructure/persistence/transaction_repository.go:156.16,158.3 1 0
github.com/gity/point-system/internal/infrastructure/persistence/transaction_repository.go:160.2,161.31 2 2
github.com/gity/point-system/internal/infrastructure/persistence/transaction_repository.go:161.31,163.17 2 6
github.com/gity/point-system/internal/infrastructure/persistence/transaction_repository.go:163.17,165.4 1 0
github.com/gity/point-system/internal/infrastructure/persistence/transaction_repository.go:166.3,166.22 1 6
github.com/gity/point-system/internal/infrastructure/persistence/transaction_repository.go:169.2,169.26 1 2
github.com/gity/point-system/internal/infrastructure/persistence/transaction_repository.go:173.95,181.16 3 0
github.com/gity/point-system/internal/infrastructure/persistence/transaction_repository.go:181.16,183.3 1 0
github.com/gity/point-system/internal/infrastructure/persistence/transaction_repository.go:185.2,186.31 2 0
github.com/gity/point-system/internal/infrastructure/persistence/transaction_repository.go:186.31,188.17 2 0
github.com/gity/point-system/internal/infrastructure/persistence/transaction_repository.go:188.17,190.4 1 0
github.com/gity/point-system/internal/infrastructure/persistence/transaction_repository.go:191.3,191.22 1 0
github.com/gity/point-system/internal/infrastructure/persistence/transaction_repository.go:194.2,194.26 1 0
github.com/gity/point-system/internal/infrastructure/persistence/transaction_repository.go:198.99,200.15 2 2
github.com/gity/point-system/internal/infrastructure/persistence/transaction_repository.go:200.15,202.3 1 1
github.com/gity/point-system/internal/infrastructure/persistence/transaction_repository.go:204.2,205.54 2 2
github.com/gity/point-system/internal/infrastructure/persistence/transaction_repository.go:205.54,207.3 1 0
github.com/gity/point-system/internal/infrastructure/persistence/transaction_repository.go:209.2,209.29 1 2
github.com/gity/point-system/internal/infrastructure/persistence/transaction_repository.go:213.84,219.2 3 1
github.com/gity/point-system/internal/infrastructure/persistence/transaction_repository.go:232.47,234.2 1 13
github.com/gity/point-system/internal/infrastructure/persistence/transaction_repository.go:237.65,246.2 1 1
github.com/gity/point-system/internal/infrastructure/persistence/transaction_repository.go:249.70,256.2 6 2
github.com/gity/point-system/internal/infrastructure/persistence/transaction_repository.go:264.79,266.2 1 1
github.com/gity/point-system/internal/infrastructure/persistence/transaction_repository.go:269.81,274.49 3 1
github.com/gity/point-system/internal/infrastructure/persistence/transaction_repository.go:274.49,276.3 1 0
github.com/gity/point-system/internal/infrastructure/persistence/transaction_repository.go:278.2,279.12 2 1
github.com/gity/point-system/internal/infrastructure/persistence/transaction_repository.go:283.94,287.16 3 0
github.com/gity/point-system/internal/infrastructure/persistence/transaction_repository.go:287.16,288.45 1 0
github.com/gity/point-system/internal/infrastructure/persistence/transaction_repository.go:288.45,290.4 1 0
github.com/gity/point-system/internal/infrastructure/persistence/transaction_repository.go:291.3,291.18 1 0
github.com/gity/point-system/internal/infrastructure/persistence/transaction_repository.go:294.2,294.30 1 0
github.com/gity/point-system/internal/infrastructure/persistence/transaction_repository.go:298.81,303.2 3 1
github.com/gity/point-system/internal/infrastructure/persistence/transaction_repository.go:306.62,308.2 1 0
github.com/gity/point-system/internal/infrastructure/persistence/user_repository.go:30.37,32.2 1 13
github.com/gity/point-system/internal/infrastructure/persistence/user_repository.go:35.45,50.2 1 32
github.com/gity/point-system/internal/infrastructure/persistence/user_repository.go:53.51,66.2 12 15
github.com/gity/point-system/internal/infrastructure/persistence/user_repository.go:74.59,76.2 1 8
github.com/gity/point-system/internal/infrastructure/persistence/user_repository.go:79.62,83.49 3 13
github.com/gity/point-system/internal/infrastructure/persistence/user_repository.go:83.49,85.3 1 0
github.com/gity/point-system/internal/infrastructure/persistence/user_repository.go:87.2,88.12 2 13
github.com/gity/point-system/internal/infrastructure/persistence/user_repository.go:92.75,96.16 3 15
github.com/gity/point-system/internal/infrastructure/persistence/user_repository.go:96.16,97.45 1 0
github.com/gity/point-system/internal/infrastructure/persistence/user_repository.go:97.45,99.4 1 0
github.com/gity/point-system/internal/infrastructure/persistence/user_repository.go:100.3,100.18 1 0
github.com/gity/point-system/internal/infrastructure/persistence/user_repository.go:103.2,103.30 1 15
github.com/gity/point-system/internal/infrastructure/persistence/user_repository.go:107.84,111.16 3 1
github.com/gity/point-system/internal/infrastructure/persistence/user_repository.go:111.16,112.45 1 0
github.com/gity/point-system/internal/infrastructure/persistence/user_repository.go:112.45,114.4 1 0
github.com/gity/point-system/internal/infrastructure/persistence/user_repository.go:115.3,115.18 1 0
github.com/gity/point-system/internal/infrastructure/persistence/user_repository.go:118.2,118.30 1 1
github.com/gity/point-system/internal/infrastructure/persistence/user_repository.go:122.78,126.16 3 0
github.com/gity/point-system/internal/infrastructure/persistence/user_repository.go:126.16,127.45 1 0
github.com/gity/point-system/internal/infrastructure/persistence/user_repository.go:127.45,129.4 1 0
github.com/gity/point-system/internal/infrastructure/persistence/user_repository.go:130.3,130.18 1 0
github.com/gity/point-system/internal/infrastructure/persistence/user_repository.go:133.2,133.30 1 0
github.com/gity/point-system/internal/infrastructure/persistence/user_repository.go:137.70,156.25 4 2
github.com/gity/point-system/internal/infrastructure/persistence/user_repository.go:156.25,158.3 1 0
github.com/gity/point-system/internal/infrastructure/persistence/user_repository.go:161.2,161.30 1 2
github.com/gity/point-system/internal/infrastructure/persistence/user_repository.go:161.30,163.3 1 1
github.com/gity/point-system/internal/infrastructure/persistence/user_repository.go:165.2,165.18 1 1
github.com/gity/point-system/internal/infrastructure/persistence/user_repository.go:170.121,172.15 2 12
github.com/gity/point-system/internal/infrastructure/persistence/user_repository.go:172.15,174.3 1 12
github.com/gity/point-system/internal/infrastructure/persistence/user_repository.go:176.2,183.16 3 12
github.com/gity/point-system/internal/infrastructure/persistence/user_repository.go:183.16,184.45 1 0
github.com/gity/point-system/internal/infrastructure/persistence/user_repository.go:184.45,186.4 1 0
github.com/gity/point-system/internal/infrastructure/persistence/user_repository.go:187.3,187.13 1 0
github.com/gity/point-system/internal/infrastructure/persistence/user_repository.go:191.2,191.40 1 12
github.com/gity/point-system/internal/infrastructure/persistence/user_repository.go:191.40,193.3 1 1
github.com/gity/point-system/internal/infrastructure/persistence/user_repository.go:196.2,197.14 2 11
github.com/gity/point-system/internal/infrastructure/persistence/user_repository.go:197.14,199.3 1 8
github.com/gity/point-system/internal/infrastructure/persistence/user_repository.go:199.8,201.3 1 3
github.com/gity/point-system/internal/infrastructure/persistence/user_repository.go:204.2,204.20 1 11
github.com/gity/point-system/internal/infrastructure/persistence/user_repository.go:204.20,206.3 1 0
github.com/gity/point-system/internal/infrastructure/persistence/user_repository.go:209.2,215.12 2 11
github.com/gity/point-system/internal/infrastructure/persistence/user_repository.go:219.78,228.16 3 1
github.com/gity/point-system/internal/infrastructure/persistence/user_repository.go:228.16,230.3 1 0
github.com/gity/point-system/internal/infrastructure/persistence/user_repository.go:232.2,233.31 2 1
github.com/gity/point-system/internal/infrastructure/persistence/user_repository.go:233.31,235.3 1 3
github.com/gity/point-system/internal/infrastructure/persistence/user_repository.go:237.2,237.19 1 1
github.com/gity/point-system/internal/infrastructure/persistence/user_repository.go:241.53,245.2 3 1
github.com/gity/point-system/internal/infrastructure/persistence/user_repository.go:248.61,253.2 2 0
